<?xml version="1.0" encoding="UTF-8"?>
<!-- Generated by org.testng.reporters.JUnitXMLReporter -->
<testsuite ignored="2" hostname="Onkar-Kolkur" failures="0" tests="1" name="Test3 OrangeHRM" time="16.153" errors="0" timestamp="2024-11-14T20:39:50 IST">
  <testcase classname="failedScreenshots.TestCalss" name="assertOrangeHRMLoginTest" time="11.395"/>
  <testcase classname="failedScreenshots.TestCalss" name="testAmazon" time="0.0">
    <ignored/>
  </testcase> <!-- testAmazon -->
  <testcase classname="failedScreenshots.TestCalss" name="testAjio" time="0.0">
    <ignored/>
  </testcase> <!-- testAjio -->
</testsuite> <!-- Test3 OrangeHRM -->
