<?xml version="1.0" encoding="UTF-8"?>
<!-- Generated by org.testng.reporters.JUnitXMLReporter -->
<testsuite ignored="2" hostname="Onkar-Kolkur" failures="0" tests="1" name="Test2 Tricenties" time="13.387" errors="0" timestamp="2026-08-13T22:09:07 IST">
  <testcase classname="failedScreenshots.TestCalss" name="testTricentisLogin" time="9.129"/>
  <testcase classname="failedScreenshots.TestCalss" name="testDemoBlazeProductCOunt" time="0.0">
    <ignored/>
  </testcase> <!-- testDemoBlazeProductCOunt -->
  <testcase classname="failedScreenshots.TestCalss" name="testSauceDemoDummyLogin" time="0.0">
    <ignored/>
  </testcase> <!-- testSauceDemoDummyLogin -->
</testsuite> <!-- Test2 Tricenties -->
