<?xml version="1.0" encoding="UTF-8"?>
<!-- Generated by org.testng.reporters.JUnitXMLReporter -->
<testsuite ignored="2" hostname="Onkar-Kolkur" failures="0" tests="1" name="Test3 Sauce Demo" time="16.556" errors="0" timestamp="2026-08-13T22:09:24 IST">
  <testcase classname="failedScreenshots.TestCalss" name="testSauceDemoDummyLogin" time="12.314"/>
  <testcase classname="failedScreenshots.TestCalss" name="testDemoBlazeProductCOunt" time="0.0">
    <ignored/>
  </testcase> <!-- testDemoBlazeProductCOunt -->
  <testcase classname="failedScreenshots.TestCalss" name="testTricentisLogin" time="0.0">
    <ignored/>
  </testcase> <!-- testTricentisLogin -->
</testsuite> <!-- Test3 Sauce Demo -->
