<?xml version="1.0" encoding="UTF-8"?>
<!-- Generated by org.testng.reporters.JUnitXMLReporter -->
<testsuite ignored="2" hostname="Onkar-Kolkur" failures="0" tests="1" name="Test1 Amazon" time="13.179" errors="0" timestamp="2024-11-14T20:39:24 IST">
  <testcase classname="failedScreenshots.TestCalss" name="testAmazon" time="7.443"/>
  <testcase classname="failedScreenshots.TestCalss" name="assertOrangeHRMLoginTest" time="0.0">
    <ignored/>
  </testcase> <!-- assertOrangeHRMLoginTest -->
  <testcase classname="failedScreenshots.TestCalss" name="testAjio" time="0.0">
    <ignored/>
  </testcase> <!-- testAjio -->
</testsuite> <!-- Test1 Amazon -->
