<?xml version="1.0" encoding="UTF-8"?>
<!-- Generated by org.testng.reporters.JUnitXMLReporter -->
<testsuite ignored="2" hostname="Onkar-Kolkur" failures="0" tests="1" name="Test3 OrangeHRM" time="16.521" errors="0" timestamp="2026-08-11T00:25:08 IST">
  <testcase classname="failedScreenshots.TestCalss" name="testSauceDemoDummyLogin" time="12.162"/>
  <testcase classname="failedScreenshots.TestCalss" name="testDemoBlazeProductCOunt" time="0.0">
    <ignored/>
  </testcase> <!-- testDemoBlazeProductCOunt -->
  <testcase classname="failedScreenshots.TestCalss" name="testTricentisLogin" time="0.0">
    <ignored/>
  </testcase> <!-- testTricentisLogin -->
</testsuite> <!-- Test3 OrangeHRM -->
