<?xml version="1.0" encoding="UTF-8"?>
<!-- Generated by org.testng.reporters.JUnitXMLReporter -->
<testsuite ignored="2" hostname="Onkar-Kolkur" failures="1" tests="1" name="Test2 Ajio" time="9.946" errors="0" timestamp="2024-11-14T20:39:34 IST">
  <testcase classname="failedScreenshots.TestCalss" name="testAjio" time="4.123">
    <failure type="java.lang.AssertionError" message="The following asserts failed:
	Ajio title is mismatched expected [Online Kids fashion shopping site in India - AJIO Failed] but found [Online Kids fashion shopping site in India - AJIO]">
      <![CDATA[java.lang.AssertionError: The following asserts failed:
Ajio title is mismatched expected [Online Kids fashion shopping site in India - AJIO Failed] but found [Online Kids fashion shopping site in India - AJIO]
at failedScreenshots.TestCalss.testAjio(TestCalss.java:37)
at java.base/java.util.ArrayList.forEach(ArrayList.java:1597)
... Removed 27 stack frames]]>
    </failure>
  </testcase> <!-- testAjio -->
  <testcase classname="failedScreenshots.TestCalss" name="testAmazon" time="0.0">
    <ignored/>
  </testcase> <!-- testAmazon -->
  <testcase classname="failedScreenshots.TestCalss" name="assertOrangeHRMLoginTest" time="0.0">
    <ignored/>
  </testcase> <!-- assertOrangeHRMLoginTest -->
</testsuite> <!-- Test2 Ajio -->
