<?xml version="1.0" encoding="UTF-8"?>
<!-- Generated by org.testng.reporters.JUnitXMLReporter -->
<testsuite ignored="2" hostname="Onkar-Kolkur" failures="0" tests="1" name="Test1 Demo Blaze" time="31.498" errors="0" timestamp="2026-08-13T22:08:54 IST">
  <testcase classname="failedScreenshots.TestCalss" name="testDemoBlazeProductCOunt" time="26.169"/>
  <testcase classname="failedScreenshots.TestCalss" name="testSauceDemoDummyLogin" time="0.0">
    <ignored/>
  </testcase> <!-- testSauceDemoDummyLogin -->
  <testcase classname="failedScreenshots.TestCalss" name="testTricentisLogin" time="0.0">
    <ignored/>
  </testcase> <!-- testTricentisLogin -->
</testsuite> <!-- Test1 Demo Blaze -->
