<?xml version="1.0" encoding="UTF-8"?>
<!-- Generated by org.testng.reporters.JUnitXMLReporter -->
<testsuite ignored="2" hostname="Onkar-Kolkur" failures="0" tests="1" name="Test1 Amazon" time="12.087" errors="0" timestamp="2026-08-11T00:24:33 IST">
  <testcase classname="failedScreenshots.TestCalss" name="testDemoBlazeProductCOunt" time="6.869"/>
  <testcase classname="failedScreenshots.TestCalss" name="testSauceDemoDummyLogin" time="0.0">
    <ignored/>
  </testcase> <!-- testSauceDemoDummyLogin -->
  <testcase classname="failedScreenshots.TestCalss" name="testTricentisLogin" time="0.0">
    <ignored/>
  </testcase> <!-- testTricentisLogin -->
</testsuite> <!-- Test1 Amazon -->
