<?xml version="1.0" encoding="UTF-8"?>
<testng-results ignored="0" total="3" passed="3" failed="0" skipped="0">
  <reporter-output>
  </reporter-output>
  <suite started-at="2026-08-13T22:08:22 IST" name="Suite" finished-at="2026-08-13T22:09:24 IST" duration-ms="61473">
    <groups>
    </groups>
    <test started-at="2026-08-13T22:08:22 IST" name="Test1 Demo Blaze" finished-at="2026-08-13T22:08:54 IST" duration-ms="31498">
      <class name="failedScreenshots.TestCalss">
        <test-method is-config="true" signature="setUp()[pri:0, instance:failedScreenshots.TestCalss@13b6aecc]" started-at="2026-08-13T22:08:22 IST" name="setUp" finished-at="2026-08-13T22:08:27 IST" duration-ms="4891" status="PASS">
          <reporter-output>
          </reporter-output>
        </test-method> <!-- setUp -->
        <test-method signature="testDemoBlazeProductCOunt()[pri:1, instance:failedScreenshots.TestCalss@13b6aecc]" started-at="2026-08-13T22:08:27 IST" name="testDemoBlazeProductCOunt" finished-at="2026-08-13T22:08:53 IST" duration-ms="26169" status="PASS">
          <reporter-output>
          </reporter-output>
        </test-method> <!-- testDemoBlazeProductCOunt -->
        <test-method is-config="true" signature="tearDown()[pri:0, instance:failedScreenshots.TestCalss@13b6aecc]" started-at="2026-08-13T22:08:53 IST" name="tearDown" finished-at="2026-08-13T22:08:54 IST" duration-ms="316" status="PASS">
          <reporter-output>
          </reporter-output>
        </test-method> <!-- tearDown -->
      </class> <!-- failedScreenshots.TestCalss -->
    </test> <!-- Test1 Demo Blaze -->
    <test started-at="2026-08-13T22:08:54 IST" name="Test2 Tricenties" finished-at="2026-08-13T22:09:07 IST" duration-ms="13387">
      <class name="failedScreenshots.TestCalss">
        <test-method is-config="true" signature="setUp()[pri:0, instance:failedScreenshots.TestCalss@a1cdc6d]" started-at="2026-08-13T22:08:54 IST" name="setUp" finished-at="2026-08-13T22:08:57 IST" duration-ms="3885" status="PASS">
          <reporter-output>
          </reporter-output>
        </test-method> <!-- setUp -->
        <test-method signature="testTricentisLogin()[pri:2, instance:failedScreenshots.TestCalss@a1cdc6d]" started-at="2026-08-13T22:08:57 IST" name="testTricentisLogin" finished-at="2026-08-13T22:09:07 IST" duration-ms="9129" status="PASS">
          <reporter-output>
          </reporter-output>
        </test-method> <!-- testTricentisLogin -->
        <test-method is-config="true" signature="tearDown()[pri:0, instance:failedScreenshots.TestCalss@a1cdc6d]" started-at="2026-08-13T22:09:07 IST" name="tearDown" finished-at="2026-08-13T22:09:07 IST" duration-ms="355" status="PASS">
          <reporter-output>
          </reporter-output>
        </test-method> <!-- tearDown -->
      </class> <!-- failedScreenshots.TestCalss -->
    </test> <!-- Test2 Tricenties -->
    <test started-at="2026-08-13T22:09:07 IST" name="Test3 Sauce Demo" finished-at="2026-08-13T22:09:24 IST" duration-ms="16556">
      <class name="failedScreenshots.TestCalss">
        <test-method is-config="true" signature="setUp()[pri:0, instance:failedScreenshots.TestCalss@3098cf3b]" started-at="2026-08-13T22:09:07 IST" name="setUp" finished-at="2026-08-13T22:09:11 IST" duration-ms="3941" status="PASS">
          <reporter-output>
          </reporter-output>
        </test-method> <!-- setUp -->
        <test-method signature="testSauceDemoDummyLogin()[pri:3, instance:failedScreenshots.TestCalss@3098cf3b]" started-at="2026-08-13T22:09:11 IST" name="testSauceDemoDummyLogin" finished-at="2026-08-13T22:09:23 IST" duration-ms="12314" status="PASS">
          <reporter-output>
          </reporter-output>
        </test-method> <!-- testSauceDemoDummyLogin -->
        <test-method is-config="true" signature="tearDown()[pri:0, instance:failedScreenshots.TestCalss@3098cf3b]" started-at="2026-08-13T22:09:23 IST" name="tearDown" finished-at="2026-08-13T22:09:24 IST" duration-ms="293" status="PASS">
          <reporter-output>
          </reporter-output>
        </test-method> <!-- tearDown -->
      </class> <!-- failedScreenshots.TestCalss -->
    </test> <!-- Test3 Sauce Demo -->
  </suite> <!-- Suite -->
</testng-results>
