<?xml version="1.0" encoding="UTF-8"?>
<!-- Generated by org.testng.reporters.JUnitReportReporter -->
<testsuite hostname="Onkar-Kolkur" failures="0" tests="3" name="failedScreenshots.TestCalss" time="47.612" errors="0" timestamp="2026-08-13T22:09:24 IST" skipped="0">
  <testcase classname="failedScreenshots.TestCalss" name="testDemoBlazeProductCOunt" time="26.169"/>
  <testcase classname="failedScreenshots.TestCalss" name="testTricentisLogin" time="9.129"/>
  <testcase classname="failedScreenshots.TestCalss" name="testSauceDemoDummyLogin" time="12.314"/>
</testsuite> <!-- failedScreenshots.TestCalss -->
